build/outputs/logs/manifest-merger-debug-report.txt
-- Merging decision tree log ---
manifest
ADDED from androidworkspace/shoujilinquan 2/AndroidManifest.xml:2:1-47:12
	package
		ADDED from androidworkspace/shoujilinquan 2/AndroidManifest.xml:3:5-40
	android:versionName
		ADDED from androidworkspace/shoujilinquan 2/AndroidManifest.xml:5:5-30
		INJECTED from androidworkspace/shoujilinquan 2/AndroidManifest.xml
		INJECTED from androidworkspace/shoujilinquan 2/AndroidManifest.xml
	android:versionCode
		ADDED from androidworkspace/shoujilinquan 2/AndroidManifest.xml:4:5-28
		INJECTED from androidworkspace/shoujilinquan 2/AndroidManifest.xml
		INJECTED from androidworkspace/shoujilinquan 2/AndroidManifest.xml
	xmlns:android
		ADDED from androidworkspace/shoujilinquan 2/AndroidManifest.xml:2:11-69
uses-permission#android.permission.ACCESS_NETWORK_STATE
ADDED from androidworkspace/shoujilinquan 2/AndroidManifest.xml:7:5-79
	android:name
		ADDED from androidworkspace/shoujilinquan 2/AndroidManifest.xml:7:22-76
uses-permission#android.permission.ACCESS_WIFI_STATE
ADDED from androidworkspace/shoujilinquan 2/AndroidManifest.xml:8:5-76
	android:name
		ADDED from androidworkspace/shoujilinquan 2/AndroidManifest.xml:8:22-73
uses-permission#android.permission.INTERNET
ADDED from androidworkspace/shoujilinquan 2/AndroidManifest.xml:9:5-67
	android:name
		ADDED from androidworkspace/shoujilinquan 2/AndroidManifest.xml:9:22-64
uses-permission#android.permission.READ_PHONE_STATE
ADDED from androidworkspace/shoujilinquan 2/AndroidManifest.xml:10:5-75
	android:name
		ADDED from androidworkspace/shoujilinquan 2/AndroidManifest.xml:10:22-72
uses-permission#android.permission.WRITE_EXTERNAL_STORAGE
ADDED from androidworkspace/shoujilinquan 2/AndroidManifest.xml:11:5-81
	android:name
		ADDED from androidworkspace/shoujilinquan 2/AndroidManifest.xml:11:22-78
uses-sdk
ADDED from androidworkspace/shoujilinquan 2/AndroidManifest.xml:13:5-15:41
	android:targetSdkVersion
		ADDED from androidworkspace/shoujilinquan 2/AndroidManifest.xml:15:9-38
	android:minSdkVersion
		ADDED from androidworkspace/shoujilinquan 2/AndroidManifest.xml:14:9-35
application
ADDED from androidworkspace/shoujilinquan 2/AndroidManifest.xml:17:5-45:19
	android:label
		ADDED from androidworkspace/shoujilinquan 2/AndroidManifest.xml:20:9-41
	android:allowBackup
		ADDED from androidworkspace/shoujilinquan 2/AndroidManifest.xml:18:9-35
	android:icon
		ADDED from androidworkspace/shoujilinquan 2/AndroidManifest.xml:19:9-38
	android:theme
		ADDED from androidworkspace/shoujilinquan 2/AndroidManifest.xml:21:9-45
activity#com.ahxiaodian.linquanapp.WelcomeActivity
ADDED from androidworkspace/shoujilinquan 2/AndroidManifest.xml:22:9-31:20
	android:label
		ADDED from androidworkspace/shoujilinquan 2/AndroidManifest.xml:24:13-45
	android:theme
		ADDED from androidworkspace/shoujilinquan 2/AndroidManifest.xml:25:13-92
	android:name
		ADDED from androidworkspace/shoujilinquan 2/AndroidManifest.xml:23:13-69
intent-filter#android.intent.action.MAIN+android.intent.category.LAUNCHER
ADDED from androidworkspace/shoujilinquan 2/AndroidManifest.xml:26:13-30:29
action#android.intent.action.MAIN
ADDED from androidworkspace/shoujilinquan 2/AndroidManifest.xml:27:17-69
	android:name
		ADDED from androidworkspace/shoujilinquan 2/AndroidManifest.xml:27:25-66
category#android.intent.category.LAUNCHER
ADDED from androidworkspace/shoujilinquan 2/AndroidManifest.xml:29:17-77
	android:name
		ADDED from androidworkspace/shoujilinquan 2/AndroidManifest.xml:29:27-74
activity#com.ahxiaodian.linquanapp.GuideActivity
ADDED from androidworkspace/shoujilinquan 2/AndroidManifest.xml:32:9-35:20
	android:theme
		ADDED from androidworkspace/shoujilinquan 2/AndroidManifest.xml:34:13-92
	android:name
		ADDED from androidworkspace/shoujilinquan 2/AndroidManifest.xml:33:13-67
activity#com.ahxiaodian.linquanapp.HomeActivity
ADDED from androidworkspace/shoujilinquan 2/AndroidManifest.xml:36:9-40:20
	android:screenOrientation
		ADDED from androidworkspace/shoujilinquan 2/AndroidManifest.xml:39:13-49
	android:launchMode
		ADDED from androidworkspace/shoujilinquan 2/AndroidManifest.xml:38:13-44
	android:name
		ADDED from androidworkspace/shoujilinquan 2/AndroidManifest.xml:37:13-66
activity#com.ahxiaodian.linquanapp.CommonFragmentActivity
ADDED from androidworkspace/shoujilinquan 2/AndroidManifest.xml:41:9-44:20
	android:screenOrientation
		ADDED from androidworkspace/shoujilinquan 2/AndroidManifest.xml:43:13-49
	android:name
		ADDED from androidworkspace/shoujilinquan 2/AndroidManifest.xml:42:13-76